<?xml version="1.0" encoding="UTF-8"?>
<!-- Generated by org.testng.reporters.JUnitReportReporter -->
<testsuite hostname="ASIA31064" failures="0" tests="1" name="PhaseTwoProject.SwiggyWithCucumber.TestRunner" time="13.485" errors="0" timestamp="2022-08-19T10:03:37 IST" skipped="0">
  <testcase classname="PhaseTwoProject.SwiggyWithCucumber.TestRunner" name="runScenario" time="13.485"/>
  <system-out/>
</testsuite> <!-- PhaseTwoProject.SwiggyWithCucumber.TestRunner -->
